 * Environment: production
   WARNING: This is a development server. Do not use it in a production deployment.
   Use a production WSGI server instead.
 * Debug mode: off
 * Running on http://0.0.0.0:2375/ (Press CTRL+C to quit)
 * Environment: production
   WARNING: This is a development server. Do not use it in a production deployment.
   Use a production WSGI server instead.
 * Debug mode: off
Traceback (most recent call last):
  File "/home/lampham/env/bin/flask", line 11, in <module>
    sys.exit(main())
  File "/home/lampham/env/lib/python3.5/site-packages/flask/cli.py", line 967, in main
    cli.main(args=sys.argv[1:], prog_name="python -m flask" if as_module else None)
  File "/home/lampham/env/lib/python3.5/site-packages/flask/cli.py", line 586, in main
    return super(FlaskGroup, self).main(*args, **kwargs)
  File "/home/lampham/env/lib/python3.5/site-packages/click/core.py", line 782, in main
    rv = self.invoke(ctx)
  File "/home/lampham/env/lib/python3.5/site-packages/click/core.py", line 1259, in invoke
    return _process_result(sub_ctx.command.invoke(sub_ctx))
  File "/home/lampham/env/lib/python3.5/site-packages/click/core.py", line 1066, in invoke
    return ctx.invoke(self.callback, **ctx.params)
  File "/home/lampham/env/lib/python3.5/site-packages/click/core.py", line 610, in invoke
    return callback(*args, **kwargs)
  File "/home/lampham/env/lib/python3.5/site-packages/click/decorators.py", line 73, in new_func
    return ctx.invoke(f, obj, *args, **kwargs)
  File "/home/lampham/env/lib/python3.5/site-packages/click/core.py", line 610, in invoke
    return callback(*args, **kwargs)
  File "/home/lampham/env/lib/python3.5/site-packages/flask/cli.py", line 860, in run_command
    extra_files=extra_files,
  File "/home/lampham/env/lib/python3.5/site-packages/werkzeug/serving.py", line 1052, in run_simple
    inner()
  File "/home/lampham/env/lib/python3.5/site-packages/werkzeug/serving.py", line 1005, in inner
    fd=fd,
  File "/home/lampham/env/lib/python3.5/site-packages/werkzeug/serving.py", line 848, in make_server
    host, port, app, request_handler, passthrough_errors, ssl_context, fd=fd
  File "/home/lampham/env/lib/python3.5/site-packages/werkzeug/serving.py", line 740, in __init__
    HTTPServer.__init__(self, server_address, handler)
  File "/usr/lib/python3.5/socketserver.py", line 440, in __init__
    self.server_bind()
  File "/usr/lib/python3.5/http/server.py", line 138, in server_bind
    socketserver.TCPServer.server_bind(self)
  File "/usr/lib/python3.5/socketserver.py", line 454, in server_bind
    self.socket.bind(self.server_address)
OSError: [Errno 98] Address already in use
 * Environment: production
   WARNING: This is a development server. Do not use it in a production deployment.
   Use a production WSGI server instead.
 * Debug mode: off
 * Running on http://127.0.0.1:5000/ (Press CTRL+C to quit)
 * Environment: production
   WARNING: This is a development server. Do not use it in a production deployment.
   Use a production WSGI server instead.
 * Debug mode: off
Traceback (most recent call last):
  File "/home/lampham/env/bin/flask", line 11, in <module>
    sys.exit(main())
  File "/home/lampham/env/lib/python3.5/site-packages/flask/cli.py", line 967, in main
    cli.main(args=sys.argv[1:], prog_name="python -m flask" if as_module else None)
  File "/home/lampham/env/lib/python3.5/site-packages/flask/cli.py", line 586, in main
    return super(FlaskGroup, self).main(*args, **kwargs)
  File "/home/lampham/env/lib/python3.5/site-packages/click/core.py", line 782, in main
    rv = self.invoke(ctx)
  File "/home/lampham/env/lib/python3.5/site-packages/click/core.py", line 1259, in invoke
    return _process_result(sub_ctx.command.invoke(sub_ctx))
  File "/home/lampham/env/lib/python3.5/site-packages/click/core.py", line 1066, in invoke
    return ctx.invoke(self.callback, **ctx.params)
  File "/home/lampham/env/lib/python3.5/site-packages/click/core.py", line 610, in invoke
    return callback(*args, **kwargs)
  File "/home/lampham/env/lib/python3.5/site-packages/click/decorators.py", line 73, in new_func
    return ctx.invoke(f, obj, *args, **kwargs)
  File "/home/lampham/env/lib/python3.5/site-packages/click/core.py", line 610, in invoke
    return callback(*args, **kwargs)
  File "/home/lampham/env/lib/python3.5/site-packages/flask/cli.py", line 860, in run_command
    extra_files=extra_files,
  File "/home/lampham/env/lib/python3.5/site-packages/werkzeug/serving.py", line 1052, in run_simple
    inner()
  File "/home/lampham/env/lib/python3.5/site-packages/werkzeug/serving.py", line 1005, in inner
    fd=fd,
  File "/home/lampham/env/lib/python3.5/site-packages/werkzeug/serving.py", line 848, in make_server
    host, port, app, request_handler, passthrough_errors, ssl_context, fd=fd
  File "/home/lampham/env/lib/python3.5/site-packages/werkzeug/serving.py", line 740, in __init__
    HTTPServer.__init__(self, server_address, handler)
  File "/usr/lib/python3.5/socketserver.py", line 440, in __init__
    self.server_bind()
  File "/usr/lib/python3.5/http/server.py", line 138, in server_bind
    socketserver.TCPServer.server_bind(self)
  File "/usr/lib/python3.5/socketserver.py", line 454, in server_bind
    self.socket.bind(self.server_address)
OSError: [Errno 98] Address already in use
 * Environment: production
   WARNING: This is a development server. Do not use it in a production deployment.
   Use a production WSGI server instead.
 * Debug mode: off
 * Running on http://127.0.0.1:5000/ (Press CTRL+C to quit)
 * Environment: production
   WARNING: This is a development server. Do not use it in a production deployment.
   Use a production WSGI server instead.
 * Debug mode: off
Traceback (most recent call last):
  File "/home/lampham/env/bin/flask", line 11, in <module>
    sys.exit(main())
  File "/home/lampham/env/lib/python3.5/site-packages/flask/cli.py", line 967, in main
    cli.main(args=sys.argv[1:], prog_name="python -m flask" if as_module else None)
  File "/home/lampham/env/lib/python3.5/site-packages/flask/cli.py", line 586, in main
    return super(FlaskGroup, self).main(*args, **kwargs)
  File "/home/lampham/env/lib/python3.5/site-packages/click/core.py", line 782, in main
    rv = self.invoke(ctx)
  File "/home/lampham/env/lib/python3.5/site-packages/click/core.py", line 1259, in invoke
    return _process_result(sub_ctx.command.invoke(sub_ctx))
  File "/home/lampham/env/lib/python3.5/site-packages/click/core.py", line 1066, in invoke
    return ctx.invoke(self.callback, **ctx.params)
  File "/home/lampham/env/lib/python3.5/site-packages/click/core.py", line 610, in invoke
    return callback(*args, **kwargs)
  File "/home/lampham/env/lib/python3.5/site-packages/click/decorators.py", line 73, in new_func
    return ctx.invoke(f, obj, *args, **kwargs)
  File "/home/lampham/env/lib/python3.5/site-packages/click/core.py", line 610, in invoke
    return callback(*args, **kwargs)
  File "/home/lampham/env/lib/python3.5/site-packages/flask/cli.py", line 860, in run_command
    extra_files=extra_files,
  File "/home/lampham/env/lib/python3.5/site-packages/werkzeug/serving.py", line 1052, in run_simple
    inner()
  File "/home/lampham/env/lib/python3.5/site-packages/werkzeug/serving.py", line 1005, in inner
    fd=fd,
  File "/home/lampham/env/lib/python3.5/site-packages/werkzeug/serving.py", line 848, in make_server
    host, port, app, request_handler, passthrough_errors, ssl_context, fd=fd
  File "/home/lampham/env/lib/python3.5/site-packages/werkzeug/serving.py", line 740, in __init__
    HTTPServer.__init__(self, server_address, handler)
  File "/usr/lib/python3.5/socketserver.py", line 440, in __init__
    self.server_bind()
  File "/usr/lib/python3.5/http/server.py", line 138, in server_bind
    socketserver.TCPServer.server_bind(self)
  File "/usr/lib/python3.5/socketserver.py", line 454, in server_bind
    self.socket.bind(self.server_address)
OSError: [Errno 98] Address already in use
 * Environment: production
   WARNING: This is a development server. Do not use it in a production deployment.
   Use a production WSGI server instead.
 * Debug mode: off
Traceback (most recent call last):
  File "/home/lampham/env/bin/flask", line 11, in <module>
    sys.exit(main())
  File "/home/lampham/env/lib/python3.5/site-packages/flask/cli.py", line 967, in main
    cli.main(args=sys.argv[1:], prog_name="python -m flask" if as_module else None)
  File "/home/lampham/env/lib/python3.5/site-packages/flask/cli.py", line 586, in main
    return super(FlaskGroup, self).main(*args, **kwargs)
  File "/home/lampham/env/lib/python3.5/site-packages/click/core.py", line 782, in main
    rv = self.invoke(ctx)
  File "/home/lampham/env/lib/python3.5/site-packages/click/core.py", line 1259, in invoke
    return _process_result(sub_ctx.command.invoke(sub_ctx))
  File "/home/lampham/env/lib/python3.5/site-packages/click/core.py", line 1066, in invoke
    return ctx.invoke(self.callback, **ctx.params)
  File "/home/lampham/env/lib/python3.5/site-packages/click/core.py", line 610, in invoke
    return callback(*args, **kwargs)
  File "/home/lampham/env/lib/python3.5/site-packages/click/decorators.py", line 73, in new_func
    return ctx.invoke(f, obj, *args, **kwargs)
  File "/home/lampham/env/lib/python3.5/site-packages/click/core.py", line 610, in invoke
    return callback(*args, **kwargs)
  File "/home/lampham/env/lib/python3.5/site-packages/flask/cli.py", line 860, in run_command
    extra_files=extra_files,
  File "/home/lampham/env/lib/python3.5/site-packages/werkzeug/serving.py", line 1052, in run_simple
    inner()
  File "/home/lampham/env/lib/python3.5/site-packages/werkzeug/serving.py", line 1005, in inner
    fd=fd,
  File "/home/lampham/env/lib/python3.5/site-packages/werkzeug/serving.py", line 848, in make_server
    host, port, app, request_handler, passthrough_errors, ssl_context, fd=fd
  File "/home/lampham/env/lib/python3.5/site-packages/werkzeug/serving.py", line 740, in __init__
    HTTPServer.__init__(self, server_address, handler)
  File "/usr/lib/python3.5/socketserver.py", line 440, in __init__
    self.server_bind()
  File "/usr/lib/python3.5/http/server.py", line 138, in server_bind
    socketserver.TCPServer.server_bind(self)
  File "/usr/lib/python3.5/socketserver.py", line 454, in server_bind
    self.socket.bind(self.server_address)
OSError: [Errno 98] Address already in use
